#
# A fatal error has been detected by the Java Runtime Environment:
#
#  Internal Error (javaCalls.cpp:51), pid=13380, tid=0x0000000000003358
#  guarantee(thread->is_Java_thread()) failed: crucial check - the VM thread cannot and must not escape to Java code
#
# JRE version: Java(TM) SE Runtime Environment (8.0_201-b09) (build 1.8.0_201-b09)
# Java VM: Java HotSpot(TM) 64-Bit Server VM (25.201-b09 mixed mode windows-amd64 compressed oops)
# Failed to write core dump. Minidumps are not enabled by default on client versions of Windows
#
# If you would like to submit a bug report, please visit:
#   http://bugreport.java.com/bugreport/crash.jsp
#

---------------  T H R E A D  ---------------

Current thread (0x0000000017997800):  VMThread [stack: 0x0000000018a20000,0x0000000018b20000] [id=13144]

Stack: [0x0000000018a20000,0x0000000018b20000]
[error occurred during error reporting (printing stack bounds), id 0xc0000005]

Native frames: (J=compiled Java code, j=interpreted, Vv=VM code, C=native code)

VM_Operation (0x000000001941f420): GetOrSetLocal, mode: safepoint, requested by thread 0x0000000018f25000


---------------  P R O C E S S  ---------------

Java Threads: ( => current thread )
  0x0000000019051800 JavaThread "Service Thread" daemon [_thread_blocked, id=5352, stack(0x0000000019920000,0x0000000019a20000)]
  0x0000000018fc5800 JavaThread "C1 CompilerThread2" daemon [_thread_blocked, id=9864, stack(0x0000000019820000,0x0000000019920000)]
  0x0000000018fd8800 JavaThread "C2 CompilerThread1" daemon [_thread_blocked, id=12240, stack(0x0000000019720000,0x0000000019820000)]
  0x0000000018fd7800 JavaThread "C2 CompilerThread0" daemon [_thread_blocked, id=14636, stack(0x0000000019620000,0x0000000019720000)]
  0x0000000018f35000 JavaThread "JDWP Command Reader" daemon [_thread_in_native, id=15016, stack(0x0000000019520000,0x0000000019620000)]
  0x0000000018f33800 JavaThread "JDWP Event Helper Thread" daemon [_thread_blocked, id=4140, stack(0x0000000019420000,0x0000000019520000)]
  0x0000000018f25000 JavaThread "JDWP Transport Listener: dt_socket" daemon [_thread_blocked, id=13236, stack(0x0000000019320000,0x0000000019420000)]
  0x0000000017a2a800 JavaThread "Attach Listener" daemon [_thread_blocked, id=13272, stack(0x0000000018e20000,0x0000000018f20000)]
  0x0000000017a29800 JavaThread "Signal Dispatcher" daemon [_thread_blocked, id=13356, stack(0x0000000018d20000,0x0000000018e20000)]
  0x00000000179ba800 JavaThread "Finalizer" daemon [_thread_blocked, id=15048, stack(0x0000000018c20000,0x0000000018d20000)]
  0x0000000002e53000 JavaThread "Reference Handler" daemon [_thread_blocked, id=200, stack(0x0000000018b20000,0x0000000018c20000)]
  0x0000000002d62800 JavaThread "main" [_thread_blocked, id=9036, stack(0x0000000002af0000,0x0000000002bf0000)]

Other Threads:
=>0x0000000017997800 VMThread [stack: 0x0000000018a20000,0x0000000018b20000] [id=13144]
  0x0000000019113800 WatcherThread [stack: 0x0000000019a20000,0x0000000019b20000] [id=13036]

VM state:at safepoint (normal execution)

VM Mutex/Monitor currently owned by a thread:  ([mutex/lock_event])
[0x0000000002aedce0] Threads_lock - owner thread: 0x0000000017997800

heap address: 0x0000000081400000, size: 2028 MB, Compressed Oops mode: 32-bit
Narrow klass base: 0x0000000000000000, Narrow klass shift: 3
Compressed class space size: 1073741824 Address: 0x0000000100000000

Heap:
 PSYoungGen      total 38400K, used 7415K [0x00000000d5c00000, 0x00000000d8680000, 0x0000000100000000)
  eden space 33280K, 22% used [0x00000000d5c00000,0x00000000d633dfc8,0x00000000d7c80000)
  from space 5120K, 0% used [0x00000000d8180000,0x00000000d8180000,0x00000000d8680000)
  to   space 5120K, 0% used [0x00000000d7c80000,0x00000000d7c80000,0x00000000d8180000)
 ParOldGen       total 87552K, used 0K [0x0000000081400000, 0x0000000086980000, 0x00000000d5c00000)
  object space 87552K, 0% used [0x0000000081400000,0x0000000081400000,0x0000000086980000)
 Metaspace       used 5392K, capacity 5598K, committed 5760K, reserved 1056768K
  class space    used 590K, capacity 629K, committed 640K, reserved 1048576K

Card table byte_map: [0x0000000012220000,0x0000000012620000] byte_map_base: 0x0000000011e16000

Marking Bits: (ParMarkBitMap*) 0x0000000074c54ce0
 Begin Bits: [0x0000000012cd0000, 0x0000000014c80000)
 End Bits:   [0x0000000014c80000, 0x0000000016c30000)

Polling page: 0x0000000000a70000

CodeCache: size=245760Kb used=1492Kb max_used=1492Kb free=244267Kb
 bounds [0x0000000002e60000, 0x00000000030d0000, 0x0000000011e60000]
 total_blobs=461 nmethods=168 adapters=214
 compilation: enabled

Compilation events (10 events):
Event: 0.544 Thread 0x0000000018fc5800  140       1       java.security.ProtectionDomain::getCodeSource (5 bytes)
Event: 0.544 Thread 0x0000000018fc5800 nmethod 140 0x0000000002fd3a10 code [0x0000000002fd3b60, 0x0000000002fd3c70]
Event: 91.304 Thread 0x0000000018fc5800  165       3       java.util.Arrays::copyOf (13 bytes)
Event: 91.304 Thread 0x0000000018fc5800 nmethod 165 0x0000000002fd3cd0 code [0x0000000002fd3e40, 0x0000000002fd4068]
Event: 268.420 Thread 0x0000000018fc5800  166       3       org.eclipse.jdt.launching.internal.org.objectweb.asm.MethodWriter::visitTypeInsn (116 bytes)
Event: 268.421 Thread 0x0000000018fc5800 nmethod 166 0x0000000002fd4150 code [0x0000000002fd4300, 0x0000000002fd48c8]
Event: 268.421 Thread 0x0000000018fc5800  167       3       org.eclipse.jdt.launching.internal.org.objectweb.asm.ByteVector::putShort (52 bytes)
Event: 268.422 Thread 0x0000000018fc5800 nmethod 167 0x0000000002fd4b10 code [0x0000000002fd4c80, 0x0000000002fd4ee8]
Event: 295.418 Thread 0x0000000018fc5800  168       3       org.eclipse.jdt.launching.internal.org.objectweb.asm.MethodWriter::visitIntInsn (113 bytes)
Event: 295.418 Thread 0x0000000018fc5800 nmethod 168 0x0000000002fd5050 code [0x0000000002fd51e0, 0x0000000002fd5768]

GC Heap History (0 events):
No events

Deoptimization events (0 events):
No events

Classes redefined (2 events):
Event: 268.421 Thread 0x0000000017997800 redefined class name=Beak1874, count=1
Event: 295.423 Thread 0x0000000017997800 redefined class name=Beak1874, count=2

Internal exceptions (6 events):
Event: 0.043 Thread 0x0000000002d62800 Exception <a 'java/lang/NoSuchMethodError': Method sun.misc.Unsafe.defineClass(Ljava/lang/String;[BII)Ljava/lang/Class; name or signature does not match> (0x00000000d5c07cb0) thrown at [C:\re\workspace\8-2-build-windows-amd64-cygwin\jdk8u201\12322\hotspot
Event: 0.043 Thread 0x0000000002d62800 Exception <a 'java/lang/NoSuchMethodError': Method sun.misc.Unsafe.prefetchRead(Ljava/lang/Object;J)V name or signature does not match> (0x00000000d5c07f98) thrown at [C:\re\workspace\8-2-build-windows-amd64-cygwin\jdk8u201\12322\hotspot\src\share\vm\prim
Event: 0.520 Thread 0x0000000002d62800 Exception <a 'java/security/PrivilegedActionException'> (0x00000000d620c2e8) thrown at [C:\re\workspace\8-2-build-windows-amd64-cygwin\jdk8u201\12322\hotspot\src\share\vm\prims\jvm.cpp, line 1502]
Event: 0.521 Thread 0x0000000002d62800 Exception <a 'java/security/PrivilegedActionException'> (0x00000000d620c6e0) thrown at [C:\re\workspace\8-2-build-windows-amd64-cygwin\jdk8u201\12322\hotspot\src\share\vm\prims\jvm.cpp, line 1502]
Event: 0.522 Thread 0x0000000002d62800 Exception <a 'java/security/PrivilegedActionException'> (0x00000000d6210538) thrown at [C:\re\workspace\8-2-build-windows-amd64-cygwin\jdk8u201\12322\hotspot\src\share\vm\prims\jvm.cpp, line 1502]
Event: 0.522 Thread 0x0000000002d62800 Exception <a 'java/security/PrivilegedActionException'> (0x00000000d6210930) thrown at [C:\re\workspace\8-2-build-windows-amd64-cygwin\jdk8u201\12322\hotspot\src\share\vm\prims\jvm.cpp, line 1502]

Events (10 events):
Event: 306.004 Executing VM operation: GetOwnedMonitorInfo done
Event: 306.004 Executing VM operation: GetOwnedMonitorInfo
Event: 306.004 Executing VM operation: GetOwnedMonitorInfo done
Event: 306.004 Executing VM operation: GetCurrentContendedMonitor
Event: 306.004 Executing VM operation: GetCurrentContendedMonitor done
Event: 306.162 Executing VM operation: GetOwnedMonitorInfo
Event: 306.162 Executing VM operation: GetOwnedMonitorInfo done
Event: 306.162 Executing VM operation: GetCurrentContendedMonitor
Event: 306.162 Executing VM operation: GetCurrentContendedMonitor done
Event: 306.176 Executing VM operation: GetOrSetLocal


Dynamic libraries:
0x00007ff7030b0000 - 0x00007ff7030e7000 	C:\Program Files\Java\jre1.8.0_201\bin\javaw.exe
0x00007ffb9cf70000 - 0x00007ffb9d15d000 	C:\Windows\SYSTEM32\ntdll.dll
0x00007ffb9cc10000 - 0x00007ffb9ccc3000 	C:\Windows\System32\KERNEL32.DLL
0x00007ffb99eb0000 - 0x00007ffb9a143000 	C:\Windows\System32\KERNELBASE.dll
0x00007ffb9ca00000 - 0x00007ffb9caa3000 	C:\Windows\System32\ADVAPI32.dll
0x00007ffb9a800000 - 0x00007ffb9a89e000 	C:\Windows\System32\msvcrt.dll
0x00007ffb9a8b0000 - 0x00007ffb9a94e000 	C:\Windows\System32\sechost.dll
0x00007ffb9a620000 - 0x00007ffb9a742000 	C:\Windows\System32\RPCRT4.dll
0x00007ffb9cd30000 - 0x00007ffb9cec7000 	C:\Windows\System32\USER32.dll
0x00007ffb99040000 - 0x00007ffb99060000 	C:\Windows\System32\win32u.dll
0x00007ffb9af20000 - 0x00007ffb9af49000 	C:\Windows\System32\GDI32.dll
0x00007ffb999b0000 - 0x00007ffb99b4a000 	C:\Windows\System32\gdi32full.dll
0x00007ffb99d30000 - 0x00007ffb99dd0000 	C:\Windows\System32\msvcp_win.dll
0x00007ffb99060000 - 0x00007ffb9915c000 	C:\Windows\System32\ucrtbase.dll
0x00007ffb86ae0000 - 0x00007ffb86d59000 	C:\Windows\WinSxS\amd64_microsoft.windows.common-controls_6595b64144ccf1df_6.0.17763.292_none_05b137b40722e6bb\COMCTL32.dll
0x00007ffb9af50000 - 0x00007ffb9b27d000 	C:\Windows\System32\combase.dll
0x00007ffb998b0000 - 0x00007ffb9992e000 	C:\Windows\System32\bcryptPrimitives.dll
0x00007ffb9a7d0000 - 0x00007ffb9a7fe000 	C:\Windows\System32\IMM32.DLL
0x0000000074350000 - 0x0000000074421000 	C:\Program Files\Java\jre1.8.0_201\bin\msvcr100.dll
0x0000000074430000 - 0x0000000074cd4000 	C:\Program Files\Java\jre1.8.0_201\bin\server\jvm.dll
0x00007ffb9a8a0000 - 0x00007ffb9a8a8000 	C:\Windows\System32\PSAPI.DLL
0x00007ffb97b10000 - 0x00007ffb97b19000 	C:\Windows\SYSTEM32\WSOCK32.dll
0x00007ffb9ced0000 - 0x00007ffb9cf3d000 	C:\Windows\System32\WS2_32.dll
0x00007ffb933c0000 - 0x00007ffb933ca000 	C:\Windows\SYSTEM32\VERSION.dll
0x00007ffb94be0000 - 0x00007ffb94c04000 	C:\Windows\SYSTEM32\WINMM.dll
0x00007ffb94bb0000 - 0x00007ffb94bdd000 	C:\Windows\SYSTEM32\WINMMBASE.dll
0x00007ffb9a150000 - 0x00007ffb9a19a000 	C:\Windows\System32\cfgmgr32.dll
0x00007ffb95170000 - 0x00007ffb9517f000 	C:\Program Files\Java\jre1.8.0_201\bin\verify.dll
0x00007ffb92330000 - 0x00007ffb92359000 	C:\Program Files\Java\jre1.8.0_201\bin\java.dll
0x00007ffb83f30000 - 0x00007ffb83f65000 	C:\Program Files\Java\jre1.8.0_201\bin\jdwp.dll
0x00007ffb867e0000 - 0x00007ffb867e8000 	C:\Program Files\Java\jre1.8.0_201\bin\npt.dll
0x00007ffb7ff60000 - 0x00007ffb7ff83000 	C:\Program Files\Java\jre1.8.0_201\bin\instrument.dll
0x00007ffb93440000 - 0x00007ffb93456000 	C:\Program Files\Java\jre1.8.0_201\bin\zip.dll
0x00007ffb9b280000 - 0x00007ffb9c76f000 	C:\Windows\System32\SHELL32.dll
0x00007ffb9aac0000 - 0x00007ffb9ab68000 	C:\Windows\System32\shcore.dll
0x00007ffb99160000 - 0x00007ffb998aa000 	C:\Windows\System32\windows.storage.dll
0x00007ffb98f70000 - 0x00007ffb98f94000 	C:\Windows\System32\profapi.dll
0x00007ffb98fe0000 - 0x00007ffb9903d000 	C:\Windows\System32\powrprof.dll
0x00007ffb9cbb0000 - 0x00007ffb9cc02000 	C:\Windows\System32\shlwapi.dll
0x00007ffb98fa0000 - 0x00007ffb98fb1000 	C:\Windows\System32\kernel.appcore.dll
0x00007ffb99990000 - 0x00007ffb999a7000 	C:\Windows\System32\cryptsp.dll
0x00007ffb867d0000 - 0x00007ffb867d9000 	C:\Program Files\Java\jre1.8.0_201\bin\dt_socket.dll
0x00007ffb951f0000 - 0x00007ffb95206000 	C:\Windows\system32\napinsp.dll
0x00007ffb951d0000 - 0x00007ffb951ea000 	C:\Windows\system32\pnrpnsp.dll
0x00007ffb98800000 - 0x00007ffb98867000 	C:\Windows\System32\mswsock.dll
0x00007ffb985a0000 - 0x00007ffb98666000 	C:\Windows\SYSTEM32\DNSAPI.dll
0x00007ffb9ab70000 - 0x00007ffb9ab78000 	C:\Windows\System32\NSI.dll
0x00007ffb98560000 - 0x00007ffb9859d000 	C:\Windows\SYSTEM32\IPHLPAPI.DLL
0x00007ffb95180000 - 0x00007ffb9518e000 	C:\Windows\System32\winrnr.dll
0x00007ffb95130000 - 0x00007ffb9514b000 	C:\Windows\system32\NLAapi.dll
0x00007ffb93420000 - 0x00007ffb93435000 	C:\Windows\system32\wshbth.dll
0x00007ffb8ce00000 - 0x00007ffb8ce79000 	C:\Windows\System32\fwpuclnt.dll
0x00007ffb99e80000 - 0x00007ffb99ea6000 	C:\Windows\System32\bcrypt.dll
0x00007ffb8ccd0000 - 0x00007ffb8ccda000 	C:\Windows\System32\rasadhlp.dll

VM Arguments:
jvm_args: -agentlib:jdwp=transport=dt_socket,suspend=y,address=localhost:1236 -javaagent:C:\Users\ptdw0\eclipse\jee-2018-12\eclipse\configuration\org.eclipse.osgi\405\0\.cp\lib\javaagent-shaded.jar -Dfile.encoding=MS949 
java_command: Beak1874
java_class_path (initial): C:\Users\ptdw0\Documents\git\Datastructure-Algorithm\JAVA;C:\Users\ptdw0\eclipse\jee-2018-12\eclipse\configuration\org.eclipse.osgi\405\0\.cp\lib\javaagent-shaded.jar
Launcher Type: SUN_STANDARD

Environment Variables:
JAVA_HOME=C:\Program Files\Java\jdk-11.0.2
PATH=C:/Program Files/Java/jre1.8.0_201/bin/server;C:/Program Files/Java/jre1.8.0_201/bin;C:/Program Files/Java/jre1.8.0_201/lib/amd64;C:\Program Files (x86)\Python37-32\Scripts\;C:\Program Files (x86)\Python37-32\;C:\Program Files (x86)\Common Files\Oracle\Java\javapath;C:\Windows\system32;C:\Windows;C:\Windows\System32\Wbem;C:\Windows\System32\WindowsPowerShell\v1.0\;C:\Windows\System32\OpenSSH\;C:\Program Files\Java\jdk-11.0.2\bin;C:\Program Files\Intel\WiFi\bin\;C:\Program Files\Common Files\Intel\WirelessCommon\;C:\Program Files\Git\cmd;C:\Program Files\Git\mingw64\bin;C:\Program Files\Git\usr\bin;C:\Program Files\nodejs\;C:\Users\ptdw0\AppData\Local\Microsoft\WindowsApps;;C:\Users\ptdw0\AppData\Local\Programs\Microsoft VS Code\bin;C:\Users\ptdw0\AppData\Local\hyper\app-2.1.1\resources\bin;C:\Program Files\Bandizip\;C:\Users\ptdw0\AppData\Roaming\npm;C:\Windows\system32;
USERNAME=ptdw0
OS=Windows_NT
PROCESSOR_IDENTIFIER=Intel64 Family 6 Model 78 Stepping 3, GenuineIntel



---------------  S Y S T E M  ---------------

OS: Windows 10.0 , 64 bit Build 17763 (10.0.17763.292)

CPU:total 4 (initial active 4) (2 cores per cpu, 2 threads per core) family 6 model 78 stepping 3, cmov, cx8, fxsr, mmx, sse, sse2, sse3, ssse3, sse4.1, sse4.2, popcnt, avx, avx2, aes, clmul, erms, 3dnowpref, lzcnt, ht, tsc, tscinvbit, bmi1, bmi2, adx

Memory: 4k page, physical 8300796k(2901296k free), swap 10332412k(2343660k free)

vm_info: Java HotSpot(TM) 64-Bit Server VM (25.201-b09) for windows-amd64 JRE (1.8.0_201-b09), built on Dec 15 2018 18:36:39 by "java_re" with MS VC++ 10.0 (VS2010)

time: Mon Feb 11 10:00:11 2019
timezone: 대한민국 표준시
elapsed time: 306 seconds (0d 0h 5m 6s)

